
start 1: ============================= 13:07 07-12-2013
PINGING (X10) ========= 13:07 07-12-2013
localhost....... 13:07 07-12-2013
good time (0.026) 13:08 07-12-2013
192.168.1.21....... 13:08 07-12-2013
good time (2.533) 13:08 07-12-2013
www.google.com....... 13:08 07-12-2013
long time (231.241) 13:08 07-12-2013
www.google.com: long_time_count = 1 13:08 07-12-2013

start 2: ============================= 13:08 07-12-2013
PINGING (X10) ========= 13:08 07-12-2013
localhost....... 13:08 07-12-2013
good time (0.028) 13:08 07-12-2013
192.168.1.21....... 13:08 07-12-2013
good time (2.845) 13:08 07-12-2013
www.google.com....... 13:08 07-12-2013
long time (238.727) 13:08 07-12-2013
www.google.com: long_time_count = 2 13:08 07-12-2013

start 3: ============================= 13:08 07-12-2013
PINGING (X10) ========= 13:08 07-12-2013
localhost....... 13:08 07-12-2013
good time (0.027) 13:08 07-12-2013
192.168.1.21....... 13:08 07-12-2013
good time (2.345) 13:08 07-12-2013
www.google.com....... 13:08 07-12-2013
long time (247.648) 13:08 07-12-2013
www.google.com: long_time_count = 3 13:08 07-12-2013
SMS PROBLEM:  13:08 07-12-2013

start 4: ============================= 13:08 07-12-2013
PINGING (X10) ========= 13:08 07-12-2013
localhost....... 13:08 07-12-2013
good time (0.024) 13:08 07-12-2013
192.168.1.21....... 13:08 07-12-2013
good time (2.792) 13:08 07-12-2013
www.google.com....... 13:08 07-12-2013

start 1: ============================= 13:10 07-12-2013
PINGING (X10) ========= 13:10 07-12-2013
localhost....... 13:10 07-12-2013
good time (0.028) 13:10 07-12-2013
192.168.1.21....... 13:10 07-12-2013
good time (2.161) 13:10 07-12-2013
www.google.com....... 13:10 07-12-2013
long time (263.328) 13:10 07-12-2013
www.google.com: long_time_count = 1 13:10 07-12-2013

start 2: ============================= 13:10 07-12-2013
PINGING (X10) ========= 13:10 07-12-2013
localhost....... 13:10 07-12-2013
good time (0.026) 13:10 07-12-2013
192.168.1.21....... 13:10 07-12-2013
good time (2.392) 13:10 07-12-2013
www.google.com....... 13:10 07-12-2013
long time (216.702) 13:10 07-12-2013
www.google.com: long_time_count = 2 13:10 07-12-2013

start 3: ============================= 13:10 07-12-2013
PINGING (X10) ========= 13:10 07-12-2013
localhost....... 13:10 07-12-2013
good time (0.026) 13:10 07-12-2013
192.168.1.21....... 13:10 07-12-2013
good time (2.355) 13:10 07-12-2013
www.google.com....... 13:10 07-12-2013
long time (247.940) 13:10 07-12-2013
www.google.com: long_time_count = 3 13:10 07-12-2013
SMS PROBLEM:  Long time to www.google.com 13:10 07-12-2013

start 4: ============================= 13:10 07-12-2013
PINGING (X10) ========= 13:10 07-12-2013
localhost....... 13:10 07-12-2013
good time (0.027) 13:10 07-12-2013
192.168.1.21....... 13:10 07-12-2013
good time (3.042) 13:10 07-12-2013
www.google.com....... 13:10 07-12-2013
long time (260.255) 13:10 07-12-2013
www.google.com: long_time_count = 4 13:10 07-12-2013

start 5: ============================= 13:10 07-12-2013
PINGING (X10) ========= 13:10 07-12-2013
localhost....... 13:10 07-12-2013
good time (0.026) 13:10 07-12-2013
192.168.1.21....... 13:10 07-12-2013
good time (2.160) 13:10 07-12-2013
www.google.com....... 13:10 07-12-2013
long time (229.810) 13:10 07-12-2013
www.google.com: long_time_count = 5 13:10 07-12-2013

start 6: ============================= 13:10 07-12-2013
PINGING (X10) ========= 13:10 07-12-2013
localhost....... 13:10 07-12-2013
good time (0.027) 13:10 07-12-2013
192.168.1.21....... 13:10 07-12-2013
good time (2.959) 13:10 07-12-2013
www.google.com....... 13:10 07-12-2013
long time (217.505) 13:10 07-12-2013
www.google.com: long_time_count = 6 13:10 07-12-2013

start 7: ============================= 13:10 07-12-2013
PINGING (X10) ========= 13:10 07-12-2013
localhost....... 13:10 07-12-2013
good time (0.028) 13:10 07-12-2013
192.168.1.21....... 13:10 07-12-2013
good time (2.576) 13:10 07-12-2013
www.google.com....... 13:10 07-12-2013
long time (220.081) 13:10 07-12-2013
www.google.com: long_time_count = 7 13:10 07-12-2013

start 8: ============================= 13:10 07-12-2013
PINGING (X10) ========= 13:10 07-12-2013
localhost....... 13:10 07-12-2013
good time (0.027) 13:10 07-12-2013
192.168.1.21....... 13:10 07-12-2013
good time (2.969) 13:10 07-12-2013
www.google.com....... 13:10 07-12-2013

start 1: ============================= 13:12 07-12-2013
PINGING (X10) ========= 13:12 07-12-2013
localhost....... 13:12 07-12-2013
good time (0.024) 13:12 07-12-2013
192.168.1.21....... 13:12 07-12-2013
good time (3.092) 13:12 07-12-2013
www.google.com....... 13:12 07-12-2013
long time (236.174) 13:12 07-12-2013
www.google.com: long_time_count = 1 13:12 07-12-2013

start 2: ============================= 13:12 07-12-2013
PINGING (X10) ========= 13:12 07-12-2013
localhost....... 13:12 07-12-2013
good time (0.027) 13:12 07-12-2013
192.168.1.21....... 13:12 07-12-2013
good time (2.333) 13:12 07-12-2013
www.google.com....... 13:12 07-12-2013

start 1: ============================= 13:17 07-12-2013
PINGING (X10) ========= 13:17 07-12-2013
localhost....... 13:17 07-12-2013
good time (0.026) 13:17 07-12-2013
192.168.1.21....... 13:17 07-12-2013
good time (4.364) 13:17 07-12-2013
www.google.com....... 13:17 07-12-2013
good time (264.401) 13:17 07-12-2013

start 2: ============================= 13:17 07-12-2013
PINGING (X10) ========= 13:17 07-12-2013
localhost....... 13:17 07-12-2013
good time (0.030) 13:17 07-12-2013
192.168.1.21....... 13:17 07-12-2013
good time (2.384) 13:17 07-12-2013
www.google.com....... 13:17 07-12-2013

start 1: ============================= 13:18 07-12-2013
PINGING (X10) ========= 13:18 07-12-2013
localhost....... 13:18 07-12-2013
x is (0.028) and TIME_LIMIT is (216) 13:18 07-12-2013
good time (0.028) 13:18 07-12-2013
192.168.1.21....... 13:18 07-12-2013
x is (507.911) and TIME_LIMIT is (216) 13:18 07-12-2013
long time (507.911) 13:18 07-12-2013
192.168.1.21: long_time_count = 1 13:18 07-12-2013
www.google.com....... 13:18 07-12-2013
x is (217.812) and TIME_LIMIT is (216) 13:18 07-12-2013
long time (217.812) 13:18 07-12-2013
www.google.com: long_time_count = 1 13:18 07-12-2013

start 2: ============================= 13:18 07-12-2013
PINGING (X10) ========= 13:18 07-12-2013
localhost....... 13:18 07-12-2013
x is (0.026) and TIME_LIMIT is (216) 13:18 07-12-2013
good time (0.026) 13:18 07-12-2013
192.168.1.21....... 13:18 07-12-2013
x is (2.668) and TIME_LIMIT is (216) 13:18 07-12-2013
good time (2.668) 13:18 07-12-2013
www.google.com....... 13:18 07-12-2013
x is (222.832) and TIME_LIMIT is (216) 13:18 07-12-2013
long time (222.832) 13:18 07-12-2013
www.google.com: long_time_count = 2 13:18 07-12-2013

start 1: ============================= 13:20 07-12-2013
PINGING (X10) ========= 13:20 07-12-2013
localhost....... 13:20 07-12-2013
*********(0.029)***********************(216)******** 13:20 07-12-2013
good time (0.029) 13:20 07-12-2013
192.168.1.21....... 13:20 07-12-2013
*********(87.457)***********************(216)******** 13:21 07-12-2013
good time (87.457) 13:21 07-12-2013
www.google.com....... 13:21 07-12-2013
*********(262.857)***********************(216)******** 13:21 07-12-2013
long time (262.857) 13:21 07-12-2013
www.google.com: long_time_count = 1 13:21 07-12-2013

start 2: ============================= 13:21 07-12-2013
PINGING (X10) ========= 13:21 07-12-2013
localhost....... 13:21 07-12-2013
*********(0.026)***********************(216)******** 13:21 07-12-2013
good time (0.026) 13:21 07-12-2013
192.168.1.21....... 13:21 07-12-2013
*********(6.481)***********************(216)******** 13:21 07-12-2013
good time (6.481) 13:21 07-12-2013
www.google.com....... 13:21 07-12-2013
*********(237.343)***********************(216)******** 13:21 07-12-2013
long time (237.343) 13:21 07-12-2013
www.google.com: long_time_count = 2 13:21 07-12-2013

start 3: ============================= 13:21 07-12-2013
PINGING (X10) ========= 13:21 07-12-2013
localhost....... 13:21 07-12-2013
*********(0.027)***********************(216)******** 13:21 07-12-2013
good time (0.027) 13:21 07-12-2013
192.168.1.21....... 13:21 07-12-2013
*********(2.413)***********************(216)******** 13:21 07-12-2013
good time (2.413) 13:21 07-12-2013
www.google.com....... 13:21 07-12-2013
*********(225.905)***********************(216)******** 13:21 07-12-2013
long time (225.905) 13:21 07-12-2013
www.google.com: long_time_count = 3 13:21 07-12-2013
SMS PROBLEM:  Long time to www.google.com 13:21 07-12-2013

start 4: ============================= 13:21 07-12-2013
PINGING (X10) ========= 13:21 07-12-2013
localhost....... 13:21 07-12-2013
*********(0.026)***********************(216)******** 13:21 07-12-2013
good time (0.026) 13:21 07-12-2013
192.168.1.21....... 13:21 07-12-2013
*********(2.476)***********************(216)******** 13:21 07-12-2013
good time (2.476) 13:21 07-12-2013
www.google.com....... 13:21 07-12-2013
*********(248.451)***********************(216)******** 13:21 07-12-2013
long time (248.451) 13:21 07-12-2013
www.google.com: long_time_count = 4 13:21 07-12-2013

start 5: ============================= 13:21 07-12-2013
PINGING (X10) ========= 13:21 07-12-2013
localhost....... 13:21 07-12-2013
*********(0.025)***********************(216)******** 13:21 07-12-2013
good time (0.025) 13:21 07-12-2013
192.168.1.21....... 13:21 07-12-2013
*********(2.616)***********************(216)******** 13:21 07-12-2013
good time (2.616) 13:21 07-12-2013
www.google.com....... 13:21 07-12-2013
*********(248.741)***********************(216)******** 13:21 07-12-2013
long time (248.741) 13:21 07-12-2013
www.google.com: long_time_count = 5 13:21 07-12-2013

start 6: ============================= 13:21 07-12-2013
PINGING (X10) ========= 13:21 07-12-2013
localhost....... 13:21 07-12-2013
*********(0.026)***********************(216)******** 13:21 07-12-2013
good time (0.026) 13:21 07-12-2013
192.168.1.21....... 13:21 07-12-2013
*********(2.505)***********************(216)******** 13:21 07-12-2013
good time (2.505) 13:21 07-12-2013
www.google.com....... 13:21 07-12-2013
*********(245.172)***********************(216)******** 13:21 07-12-2013
long time (245.172) 13:21 07-12-2013
www.google.com: long_time_count = 6 13:21 07-12-2013

start 7: ============================= 13:21 07-12-2013
PINGING (X10) ========= 13:21 07-12-2013
localhost....... 13:21 07-12-2013
*********(0.033)***********************(216)******** 13:21 07-12-2013
good time (0.033) 13:21 07-12-2013
192.168.1.21....... 13:21 07-12-2013
*********(2.476)***********************(216)******** 13:21 07-12-2013
good time (2.476) 13:21 07-12-2013
www.google.com....... 13:21 07-12-2013
*********(221.026)***********************(216)******** 13:21 07-12-2013
long time (221.026) 13:21 07-12-2013
www.google.com: long_time_count = 7 13:21 07-12-2013

start 8: ============================= 13:21 07-12-2013
PINGING (X10) ========= 13:21 07-12-2013
localhost....... 13:21 07-12-2013
*********(0.026)***********************(216)******** 13:21 07-12-2013
good time (0.026) 13:21 07-12-2013
192.168.1.21....... 13:21 07-12-2013
*********(2.352)***********************(216)******** 13:21 07-12-2013
good time (2.352) 13:21 07-12-2013
www.google.com....... 13:21 07-12-2013
*********(251.973)***********************(216)******** 13:21 07-12-2013
long time (251.973) 13:21 07-12-2013
www.google.com: long_time_count = 8 13:21 07-12-2013

start 9: ============================= 13:21 07-12-2013
PINGING (X10) ========= 13:21 07-12-2013
localhost....... 13:21 07-12-2013
*********(0.025)***********************(216)******** 13:21 07-12-2013
good time (0.025) 13:21 07-12-2013
192.168.1.21....... 13:21 07-12-2013
*********(2.377)***********************(216)******** 13:21 07-12-2013
good time (2.377) 13:21 07-12-2013
www.google.com....... 13:21 07-12-2013
*********(223.962)***********************(216)******** 13:21 07-12-2013
long time (223.962) 13:21 07-12-2013
www.google.com: long_time_count = 9 13:21 07-12-2013

start 10: ============================= 13:21 07-12-2013
PINGING (X10) ========= 13:21 07-12-2013
localhost....... 13:21 07-12-2013
*********(0.025)***********************(216)******** 13:21 07-12-2013
good time (0.025) 13:21 07-12-2013
192.168.1.21....... 13:21 07-12-2013
*********(2.708)***********************(216)******** 13:21 07-12-2013
good time (2.708) 13:21 07-12-2013
www.google.com....... 13:21 07-12-2013
*********(225.294)***********************(216)******** 13:21 07-12-2013
long time (225.294) 13:21 07-12-2013
www.google.com: long_time_count = 10 13:21 07-12-2013

start 11: ============================= 13:21 07-12-2013
PINGING (X10) ========= 13:21 07-12-2013
localhost....... 13:21 07-12-2013
*********(0.027)***********************(216)******** 13:21 07-12-2013
good time (0.027) 13:21 07-12-2013
192.168.1.21....... 13:21 07-12-2013
*********(2.397)***********************(216)******** 13:21 07-12-2013
good time (2.397) 13:21 07-12-2013
www.google.com....... 13:21 07-12-2013
*********(218.847)***********************(216)******** 13:21 07-12-2013
long time (218.847) 13:21 07-12-2013
www.google.com: long_time_count = 11 13:21 07-12-2013

start 12: ============================= 13:21 07-12-2013
PINGING (X10) ========= 13:21 07-12-2013
localhost....... 13:21 07-12-2013
*********(0.031)***********************(216)******** 13:21 07-12-2013
good time (0.031) 13:21 07-12-2013
192.168.1.21....... 13:21 07-12-2013
*********(2.874)***********************(216)******** 13:22 07-12-2013
good time (2.874) 13:22 07-12-2013
www.google.com....... 13:22 07-12-2013
*********(246.518)***********************(216)******** 13:22 07-12-2013
long time (246.518) 13:22 07-12-2013
www.google.com: long_time_count = 12 13:22 07-12-2013

start 13: ============================= 13:22 07-12-2013
PINGING (X10) ========= 13:22 07-12-2013
localhost....... 13:22 07-12-2013
*********(0.026)***********************(216)******** 13:22 07-12-2013
good time (0.026) 13:22 07-12-2013
192.168.1.21....... 13:22 07-12-2013
*********(3.023)***********************(216)******** 13:22 07-12-2013
good time (3.023) 13:22 07-12-2013
www.google.com....... 13:22 07-12-2013
*********(226.920)***********************(216)******** 13:22 07-12-2013
long time (226.920) 13:22 07-12-2013
www.google.com: long_time_count = 13 13:22 07-12-2013

start 14: ============================= 13:22 07-12-2013
PINGING (X10) ========= 13:22 07-12-2013
localhost....... 13:22 07-12-2013
*********(0.027)***********************(216)******** 13:22 07-12-2013
good time (0.027) 13:22 07-12-2013
192.168.1.21....... 13:22 07-12-2013
*********(6.233)***********************(216)******** 13:22 07-12-2013
good time (6.233) 13:22 07-12-2013
www.google.com....... 13:22 07-12-2013
*********(226.630)***********************(216)******** 13:22 07-12-2013
long time (226.630) 13:22 07-12-2013
www.google.com: long_time_count = 14 13:22 07-12-2013

start 15: ============================= 13:22 07-12-2013
PINGING (X10) ========= 13:22 07-12-2013
localhost....... 13:22 07-12-2013
*********(0.029)***********************(216)******** 13:22 07-12-2013
good time (0.029) 13:22 07-12-2013
192.168.1.21....... 13:22 07-12-2013
*********(2.881)***********************(216)******** 13:22 07-12-2013
good time (2.881) 13:22 07-12-2013
www.google.com....... 13:22 07-12-2013
*********(225.156)***********************(216)******** 13:22 07-12-2013
long time (225.156) 13:22 07-12-2013
www.google.com: long_time_count = 15 13:22 07-12-2013

start 16: ============================= 13:22 07-12-2013
PINGING (X10) ========= 13:22 07-12-2013
localhost....... 13:22 07-12-2013
*********(0.030)***********************(216)******** 13:22 07-12-2013
good time (0.030) 13:22 07-12-2013
192.168.1.21....... 13:22 07-12-2013
*********(2.841)***********************(216)******** 13:22 07-12-2013
good time (2.841) 13:22 07-12-2013
www.google.com....... 13:22 07-12-2013
*********(245.589)***********************(216)******** 13:22 07-12-2013
long time (245.589) 13:22 07-12-2013
www.google.com: long_time_count = 16 13:22 07-12-2013

start 17: ============================= 13:22 07-12-2013
PINGING (X10) ========= 13:22 07-12-2013
localhost....... 13:22 07-12-2013
*********(0.026)***********************(216)******** 13:22 07-12-2013
good time (0.026) 13:22 07-12-2013
192.168.1.21....... 13:22 07-12-2013
*********(2.616)***********************(216)******** 13:22 07-12-2013
good time (2.616) 13:22 07-12-2013
www.google.com....... 13:22 07-12-2013
*********(224.590)***********************(216)******** 13:22 07-12-2013

start 1: ============================= 13:23 07-12-2013
PINGING (X10) ========= 13:23 07-12-2013
localhost....... 13:23 07-12-2013
*********(0.028)***********************(216)******** 13:23 07-12-2013
good time (0.028) 13:23 07-12-2013
192.168.1.21....... 13:23 07-12-2013
*********(2.324)***********************(216)******** 13:23 07-12-2013
good time (2.324) 13:23 07-12-2013
www.google.com....... 13:23 07-12-2013
start 1: ============================= 13:23 07-12-2013
PINGING (X10) ========= 13:23 07-12-2013
localhost....... 13:23 07-12-2013
*********(0.023)***********************(230)******** 13:23 07-12-2013
good time (0.023) 13:23 07-12-2013
192.168.1.21....... 13:23 07-12-2013
*********(2.840)***********************(230)******** 13:23 07-12-2013
good time (2.840) 13:23 07-12-2013
www.google.com....... 13:23 07-12-2013
*********(246.069)***********************(230)******** 13:23 07-12-2013
long time (246.069) 13:23 07-12-2013
www.google.com: long_time_count = 1 13:23 07-12-2013

start 2: ============================= 13:23 07-12-2013
PINGING (X10) ========= 13:23 07-12-2013
localhost....... 13:23 07-12-2013
*********(0.025)***********************(230)******** 13:23 07-12-2013
good time (0.025) 13:23 07-12-2013
192.168.1.21....... 13:23 07-12-2013
*********(2.445)***********************(230)******** 13:23 07-12-2013
good time (2.445) 13:23 07-12-2013
www.google.com....... 13:23 07-12-2013
*********(154.043)***********************(230)******** 13:23 07-12-2013
good time (154.043) 13:23 07-12-2013

start 3: ============================= 13:23 07-12-2013
PINGING (X10) ========= 13:23 07-12-2013
localhost....... 13:23 07-12-2013
*********(0.027)***********************(230)******** 13:23 07-12-2013
good time (0.027) 13:23 07-12-2013
192.168.1.21....... 13:23 07-12-2013
*********(2.540)***********************(230)******** 13:23 07-12-2013
good time (2.540) 13:23 07-12-2013
www.google.com....... 13:23 07-12-2013
*********(162.876)***********************(230)******** 13:23 07-12-2013
good time (162.876) 13:23 07-12-2013

start 4: ============================= 13:23 07-12-2013
PINGING (X10) ========= 13:23 07-12-2013
localhost....... 13:23 07-12-2013
*********(0.026)***********************(230)******** 13:23 07-12-2013
good time (0.026) 13:23 07-12-2013
192.168.1.21....... 13:23 07-12-2013
*********(2.428)***********************(230)******** 13:23 07-12-2013
good time (2.428) 13:23 07-12-2013
www.google.com....... 13:23 07-12-2013
*********(185.805)***********************(230)******** 13:23 07-12-2013
good time (185.805) 13:23 07-12-2013

start 5: ============================= 13:23 07-12-2013
PINGING (X10) ========= 13:23 07-12-2013
localhost....... 13:23 07-12-2013
*********(0.023)***********************(230)******** 13:23 07-12-2013
good time (0.023) 13:23 07-12-2013
192.168.1.21....... 13:23 07-12-2013
*********(2.743)***********************(230)******** 13:23 07-12-2013
good time (2.743) 13:23 07-12-2013
www.google.com....... 13:23 07-12-2013
*********(156.255)***********************(230)******** 13:23 07-12-2013
good time (156.255) 13:23 07-12-2013

start 6: ============================= 13:23 07-12-2013
PINGING (X10) ========= 13:23 07-12-2013
localhost....... 13:23 07-12-2013
*********(0.026)***********************(230)******** 13:23 07-12-2013
good time (0.026) 13:23 07-12-2013
192.168.1.21....... 13:23 07-12-2013
*********(2.698)***********************(230)******** 13:23 07-12-2013
good time (2.698) 13:23 07-12-2013
www.google.com....... 13:23 07-12-2013
*********(152.089)***********************(230)******** 13:23 07-12-2013
good time (152.089) 13:23 07-12-2013

start 7: ============================= 13:24 07-12-2013
PINGING (X10) ========= 13:24 07-12-2013
localhost....... 13:24 07-12-2013
*********(0.026)***********************(230)******** 13:24 07-12-2013
good time (0.026) 13:24 07-12-2013
192.168.1.21....... 13:24 07-12-2013
*********(2.706)***********************(230)******** 13:24 07-12-2013
good time (2.706) 13:24 07-12-2013
www.google.com....... 13:24 07-12-2013
*********(154.682)***********************(230)******** 13:24 07-12-2013
good time (154.682) 13:24 07-12-2013

start 8: ============================= 13:24 07-12-2013
PINGING (X10) ========= 13:24 07-12-2013
localhost....... 13:24 07-12-2013
*********(0.026)***********************(230)******** 13:24 07-12-2013
good time (0.026) 13:24 07-12-2013
192.168.1.21....... 13:24 07-12-2013
*********(2.416)***********************(230)******** 13:24 07-12-2013
good time (2.416) 13:24 07-12-2013
www.google.com....... 13:24 07-12-2013
*********(140.703)***********************(230)******** 13:24 07-12-2013
good time (140.703) 13:24 07-12-2013

start 9: ============================= 13:24 07-12-2013
PINGING (X10) ========= 13:24 07-12-2013
localhost....... 13:24 07-12-2013
*********(0.027)***********************(230)******** 13:24 07-12-2013
good time (0.027) 13:24 07-12-2013
192.168.1.21....... 13:24 07-12-2013
*********(2.438)***********************(230)******** 13:24 07-12-2013
good time (2.438) 13:24 07-12-2013
www.google.com....... 13:24 07-12-2013
*********(128.941)***********************(230)******** 13:24 07-12-2013
good time (128.941) 13:24 07-12-2013

start 10: ============================= 13:24 07-12-2013
PINGING (X10) ========= 13:24 07-12-2013
localhost....... 13:24 07-12-2013
*********(0.042)***********************(230)******** 13:24 07-12-2013
good time (0.042) 13:24 07-12-2013
192.168.1.21....... 13:24 07-12-2013
start 1: ============================= 13:24 07-12-2013
PINGING (X10) ========= 13:24 07-12-2013
localhost....... 13:24 07-12-2013
*********(0.028)***********************(150)******** 13:24 07-12-2013
good time (0.028) 13:24 07-12-2013
192.168.1.21....... 13:24 07-12-2013
*********(2.454)***********************(150)******** 13:24 07-12-2013
good time (2.454) 13:24 07-12-2013
www.google.com....... 13:24 07-12-2013
*********(160.114)***********************(150)******** 13:24 07-12-2013
long time (160.114) 13:24 07-12-2013
www.google.com: long_time_count = 1 13:24 07-12-2013

start 2: ============================= 13:24 07-12-2013
PINGING (X10) ========= 13:24 07-12-2013
localhost....... 13:24 07-12-2013
*********(0.026)***********************(150)******** 13:24 07-12-2013
good time (0.026) 13:24 07-12-2013
192.168.1.21....... 13:24 07-12-2013
*********(2.530)***********************(150)******** 13:24 07-12-2013
good time (2.530) 13:24 07-12-2013
www.google.com....... 13:24 07-12-2013
*********(165.319)***********************(150)******** 13:24 07-12-2013
long time (165.319) 13:24 07-12-2013
www.google.com: long_time_count = 2 13:24 07-12-2013

start 3: ============================= 13:24 07-12-2013
PINGING (X10) ========= 13:24 07-12-2013
localhost....... 13:24 07-12-2013
*********(0.028)***********************(150)******** 13:24 07-12-2013
good time (0.028) 13:24 07-12-2013
192.168.1.21....... 13:24 07-12-2013
*********(2.739)***********************(150)******** 13:24 07-12-2013
good time (2.739) 13:24 07-12-2013
www.google.com....... 13:24 07-12-2013
*********(174.314)***********************(150)******** 13:24 07-12-2013
long time (174.314) 13:24 07-12-2013
www.google.com: long_time_count = 3 13:24 07-12-2013
SMS PROBLEM:  Long time to www.google.com 13:24 07-12-2013

start 4: ============================= 13:24 07-12-2013
PINGING (X10) ========= 13:24 07-12-2013
localhost....... 13:24 07-12-2013
*********(0.022)***********************(150)******** 13:24 07-12-2013
good time (0.022) 13:24 07-12-2013
192.168.1.21....... 13:24 07-12-2013
*********(2.397)***********************(150)******** 13:24 07-12-2013
good time (2.397) 13:24 07-12-2013
www.google.com....... 13:24 07-12-2013
*********(168.568)***********************(150)******** 13:24 07-12-2013
long time (168.568) 13:24 07-12-2013
www.google.com: long_time_count = 4 13:24 07-12-2013

start 5: ============================= 13:24 07-12-2013
PINGING (X10) ========= 13:24 07-12-2013
localhost....... 13:24 07-12-2013
*********(0.024)***********************(150)******** 13:24 07-12-2013
good time (0.024) 13:24 07-12-2013
192.168.1.21....... 13:24 07-12-2013
*********(2.404)***********************(150)******** 13:24 07-12-2013
good time (2.404) 13:24 07-12-2013
www.google.com....... 13:24 07-12-2013
*********(182.951)***********************(150)******** 13:24 07-12-2013
long time (182.951) 13:24 07-12-2013
www.google.com: long_time_count = 5 13:24 07-12-2013

start 6: ============================= 13:24 07-12-2013
PINGING (X10) ========= 13:24 07-12-2013
localhost....... 13:24 07-12-2013
*********(0.037)***********************(150)******** 13:25 07-12-2013
good time (0.037) 13:25 07-12-2013
192.168.1.21....... 13:25 07-12-2013
*********(2.661)***********************(150)******** 13:25 07-12-2013
good time (2.661) 13:25 07-12-2013
www.google.com....... 13:25 07-12-2013
*********(231.916)***********************(150)******** 13:25 07-12-2013
long time (231.916) 13:25 07-12-2013
www.google.com: long_time_count = 6 13:25 07-12-2013

start 7: ============================= 13:25 07-12-2013
PINGING (X10) ========= 13:25 07-12-2013
localhost....... 13:25 07-12-2013
*********(0.027)***********************(150)******** 13:25 07-12-2013
good time (0.027) 13:25 07-12-2013
192.168.1.21....... 13:25 07-12-2013
*********(2.445)***********************(150)******** 13:25 07-12-2013
good time (2.445) 13:25 07-12-2013
www.google.com....... 13:25 07-12-2013
start 1: ============================= 13:25 07-12-2013
PINGING (X10) ========= 13:25 07-12-2013
localhost....... 13:25 07-12-2013
*********(0.033)***********************(190)******** 13:25 07-12-2013
good time (0.033) 13:25 07-12-2013
192.168.1.21....... 13:25 07-12-2013
*********(2.542)***********************(190)******** 13:25 07-12-2013
good time (2.542) 13:25 07-12-2013
www.google.com....... 13:25 07-12-2013
*********(208.637)***********************(190)******** 13:25 07-12-2013
long time (208.637) 13:25 07-12-2013
www.google.com: long_time_count = 1 13:25 07-12-2013

start 2: ============================= 13:25 07-12-2013
PINGING (X10) ========= 13:25 07-12-2013
localhost....... 13:25 07-12-2013
*********(0.029)***********************(190)******** 13:25 07-12-2013
good time (0.029) 13:25 07-12-2013
192.168.1.21....... 13:25 07-12-2013
*********(5.084)***********************(190)******** 13:25 07-12-2013
good time (5.084) 13:25 07-12-2013
www.google.com....... 13:25 07-12-2013
*********(221.727)***********************(190)******** 13:25 07-12-2013
long time (221.727) 13:25 07-12-2013
www.google.com: long_time_count = 2 13:25 07-12-2013

start 3: ============================= 13:25 07-12-2013
PINGING (X10) ========= 13:25 07-12-2013
localhost....... 13:25 07-12-2013
*********(0.026)***********************(190)******** 13:25 07-12-2013
good time (0.026) 13:25 07-12-2013
192.168.1.21....... 13:25 07-12-2013
*********(2.392)***********************(190)******** 13:25 07-12-2013
good time (2.392) 13:25 07-12-2013
www.google.com....... 13:25 07-12-2013
*********(186.078)***********************(190)******** 13:25 07-12-2013
good time (186.078) 13:25 07-12-2013

start 4: ============================= 13:25 07-12-2013
PINGING (X10) ========= 13:25 07-12-2013
localhost....... 13:25 07-12-2013
*********(0.027)***********************(190)******** 13:25 07-12-2013
good time (0.027) 13:25 07-12-2013
192.168.1.21....... 13:25 07-12-2013
*********(2.403)***********************(190)******** 13:25 07-12-2013
good time (2.403) 13:25 07-12-2013
www.google.com....... 13:25 07-12-2013
*********(195.603)***********************(190)******** 13:25 07-12-2013
long time (195.603) 13:25 07-12-2013
www.google.com: long_time_count = 1 13:25 07-12-2013

start 5: ============================= 13:25 07-12-2013
PINGING (X10) ========= 13:25 07-12-2013
localhost....... 13:25 07-12-2013
*********(0.028)***********************(190)******** 13:25 07-12-2013
good time (0.028) 13:25 07-12-2013
192.168.1.21....... 13:25 07-12-2013
*********(2.747)***********************(190)******** 13:25 07-12-2013
good time (2.747) 13:25 07-12-2013
www.google.com....... 13:25 07-12-2013
*********(214.802)***********************(190)******** 13:25 07-12-2013
long time (214.802) 13:25 07-12-2013
www.google.com: long_time_count = 2 13:25 07-12-2013

start 6: ============================= 13:25 07-12-2013
PINGING (X10) ========= 13:25 07-12-2013
localhost....... 13:25 07-12-2013
*********(0.025)***********************(190)******** 13:25 07-12-2013
good time (0.025) 13:25 07-12-2013
192.168.1.21....... 13:25 07-12-2013
*********(4.292)***********************(190)******** 13:25 07-12-2013
good time (4.292) 13:25 07-12-2013
www.google.com....... 13:25 07-12-2013
*********(219.549)***********************(190)******** 13:25 07-12-2013
long time (219.549) 13:25 07-12-2013
www.google.com: long_time_count = 3 13:25 07-12-2013
SMS PROBLEM:  Long time to www.google.com 13:25 07-12-2013
SMS FIXED: www.google.com, :) 13:25 07-12-2013

start 7: ============================= 13:25 07-12-2013
PINGING (X10) ========= 13:25 07-12-2013
localhost....... 13:25 07-12-2013
*********(0.029)***********************(190)******** 13:25 07-12-2013
good time (0.029) 13:25 07-12-2013
192.168.1.21....... 13:25 07-12-2013
*********(2.664)***********************(190)******** 13:25 07-12-2013
good time (2.664) 13:25 07-12-2013
www.google.com....... 13:25 07-12-2013
*********(240.491)***********************(190)******** 13:25 07-12-2013
long time (240.491) 13:25 07-12-2013
www.google.com: long_time_count = 4 13:25 07-12-2013
start 1: ============================= 13:26 07-12-2013
PINGING (X10) ========= 13:26 07-12-2013
localhost....... 13:26 07-12-2013
*********(0.026)***********************(190)******** 13:26 07-12-2013
good time (0.026) 13:26 07-12-2013
192.168.1.21....... 13:26 07-12-2013
*********(2.749)***********************(190)******** 13:26 07-12-2013
good time (2.749) 13:26 07-12-2013
www.google.com....... 13:26 07-12-2013
*********(215.550)***********************(190)******** 13:26 07-12-2013
long time (215.550) 13:26 07-12-2013
www.google.com: long_time_count = 1 13:26 07-12-2013

start 2: ============================= 13:26 07-12-2013
PINGING (X10) ========= 13:26 07-12-2013
localhost....... 13:26 07-12-2013
*********(0.026)***********************(190)******** 13:26 07-12-2013
good time (0.026) 13:26 07-12-2013
192.168.1.21....... 13:26 07-12-2013
*********(2.355)***********************(190)******** 13:26 07-12-2013
good time (2.355) 13:26 07-12-2013
www.google.com....... 13:26 07-12-2013
*********(262.030)***********************(190)******** 13:26 07-12-2013
long time (262.030) 13:26 07-12-2013
www.google.com: long_time_count = 2 13:26 07-12-2013

start 3: ============================= 13:26 07-12-2013
PINGING (X10) ========= 13:26 07-12-2013
localhost....... 13:26 07-12-2013
*********(0.030)***********************(190)******** 13:26 07-12-2013
good time (0.030) 13:26 07-12-2013
192.168.1.21....... 13:26 07-12-2013
*********(2.385)***********************(190)******** 13:26 07-12-2013
good time (2.385) 13:26 07-12-2013
www.google.com....... 13:26 07-12-2013
*********(302.754)***********************(190)******** 13:27 07-12-2013
long time (302.754) 13:27 07-12-2013
www.google.com: long_time_count = 3 13:27 07-12-2013
SMS PROBLEM:  Long time to www.google.com 13:27 07-12-2013

start 4: ============================= 13:27 07-12-2013
PINGING (X10) ========= 13:27 07-12-2013
localhost....... 13:27 07-12-2013
*********(0.026)***********************(190)******** 13:27 07-12-2013
good time (0.026) 13:27 07-12-2013
192.168.1.21....... 13:27 07-12-2013
*********(10.094)***********************(190)******** 13:27 07-12-2013
good time (10.094) 13:27 07-12-2013
www.google.com....... 13:27 07-12-2013
*********(240.974)***********************(190)******** 13:27 07-12-2013
long time (240.974) 13:27 07-12-2013
www.google.com: long_time_count = 4 13:27 07-12-2013

start 5: ============================= 13:27 07-12-2013
PINGING (X10) ========= 13:27 07-12-2013
localhost....... 13:27 07-12-2013
*********(0.027)***********************(190)******** 13:27 07-12-2013
good time (0.027) 13:27 07-12-2013
192.168.1.21....... 13:27 07-12-2013
*********(3.305)***********************(190)******** 13:27 07-12-2013
good time (3.305) 13:27 07-12-2013
www.google.com....... 13:27 07-12-2013
*********(261.609)***********************(190)******** 13:27 07-12-2013
long time (261.609) 13:27 07-12-2013
www.google.com: long_time_count = 5 13:27 07-12-2013

start 6: ============================= 13:27 07-12-2013
PINGING (X10) ========= 13:27 07-12-2013
localhost....... 13:27 07-12-2013
*********(0.026)***********************(190)******** 13:27 07-12-2013
good time (0.026) 13:27 07-12-2013
192.168.1.21....... 13:27 07-12-2013
*********(7.469)***********************(190)******** 13:27 07-12-2013
good time (7.469) 13:27 07-12-2013
www.google.com....... 13:27 07-12-2013
*********(215.082)***********************(190)******** 13:27 07-12-2013
long time (215.082) 13:27 07-12-2013
www.google.com: long_time_count = 6 13:27 07-12-2013

start 7: ============================= 13:27 07-12-2013
PINGING (X10) ========= 13:27 07-12-2013
localhost....... 13:27 07-12-2013
*********(0.022)***********************(190)******** 13:27 07-12-2013
good time (0.022) 13:27 07-12-2013
192.168.1.21....... 13:27 07-12-2013
*********(2.460)***********************(190)******** 13:27 07-12-2013
good time (2.460) 13:27 07-12-2013
www.google.com....... 13:27 07-12-2013
*********(230.784)***********************(190)******** 13:27 07-12-2013
long time (230.784) 13:27 07-12-2013
www.google.com: long_time_count = 7 13:27 07-12-2013

start 8: ============================= 13:27 07-12-2013
PINGING (X10) ========= 13:27 07-12-2013
localhost....... 13:27 07-12-2013
*********(0.026)***********************(190)******** 13:27 07-12-2013
good time (0.026) 13:27 07-12-2013
192.168.1.21....... 13:27 07-12-2013
*********(3.341)***********************(190)******** 13:27 07-12-2013
good time (3.341) 13:27 07-12-2013
www.google.com....... 13:27 07-12-2013
*********(218.948)***********************(190)******** 13:27 07-12-2013
long time (218.948) 13:27 07-12-2013
www.google.com: long_time_count = 8 13:27 07-12-2013

start 9: ============================= 13:27 07-12-2013
PINGING (X10) ========= 13:27 07-12-2013
localhost....... 13:27 07-12-2013
*********(0.026)***********************(190)******** 13:27 07-12-2013
good time (0.026) 13:27 07-12-2013
192.168.1.21....... 13:27 07-12-2013
*********(10.609)***********************(190)******** 13:27 07-12-2013
good time (10.609) 13:27 07-12-2013
www.google.com....... 13:27 07-12-2013
*********(226.071)***********************(190)******** 13:27 07-12-2013
long time (226.071) 13:27 07-12-2013
www.google.com: long_time_count = 9 13:27 07-12-2013

start 10: ============================= 13:27 07-12-2013
PINGING (X10) ========= 13:27 07-12-2013
localhost....... 13:27 07-12-2013
*********(0.027)***********************(190)******** 13:27 07-12-2013
good time (0.027) 13:27 07-12-2013
192.168.1.21....... 13:27 07-12-2013
*********(2.398)***********************(190)******** 13:27 07-12-2013
good time (2.398) 13:27 07-12-2013
www.google.com....... 13:27 07-12-2013
*********(224.913)***********************(190)******** 13:27 07-12-2013
long time (224.913) 13:27 07-12-2013
www.google.com: long_time_count = 10 13:27 07-12-2013

start 11: ============================= 13:27 07-12-2013
PINGING (X10) ========= 13:27 07-12-2013
localhost....... 13:27 07-12-2013
*********(0.028)***********************(190)******** 13:27 07-12-2013
good time (0.028) 13:27 07-12-2013
192.168.1.21....... 13:27 07-12-2013
*********(2.450)***********************(190)******** 13:27 07-12-2013
good time (2.450) 13:27 07-12-2013
www.google.com....... 13:27 07-12-2013
start 1: ============================= 13:27 07-12-2013
PINGING (X10) ========= 13:27 07-12-2013
localhost....... 13:27 07-12-2013
*********(0.028)***********************(220)******** 13:27 07-12-2013
good time (0.028) 13:27 07-12-2013
192.168.1.21....... 13:27 07-12-2013
*********(2.762)***********************(220)******** 13:27 07-12-2013
good time (2.762) 13:27 07-12-2013
www.google.com....... 13:27 07-12-2013
*********(226.574)***********************(220)******** 13:28 07-12-2013
long time (226.574) 13:28 07-12-2013
www.google.com: long_time_count = 1 13:28 07-12-2013

start 2: ============================= 13:28 07-12-2013
PINGING (X10) ========= 13:28 07-12-2013
localhost....... 13:28 07-12-2013
*********(0.027)***********************(220)******** 13:28 07-12-2013
good time (0.027) 13:28 07-12-2013
192.168.1.21....... 13:28 07-12-2013
*********(2.403)***********************(220)******** 13:28 07-12-2013
good time (2.403) 13:28 07-12-2013
www.google.com....... 13:28 07-12-2013
*********(238.115)***********************(220)******** 13:28 07-12-2013
long time (238.115) 13:28 07-12-2013
www.google.com: long_time_count = 2 13:28 07-12-2013

start 3: ============================= 13:28 07-12-2013
PINGING (X10) ========= 13:28 07-12-2013
localhost....... 13:28 07-12-2013
*********(0.027)***********************(220)******** 13:28 07-12-2013
good time (0.027) 13:28 07-12-2013
192.168.1.21....... 13:28 07-12-2013
*********(2.945)***********************(220)******** 13:28 07-12-2013
good time (2.945) 13:28 07-12-2013
www.google.com....... 13:28 07-12-2013
*********(230.830)***********************(220)******** 13:28 07-12-2013
long time (230.830) 13:28 07-12-2013
www.google.com: long_time_count = 3 13:28 07-12-2013
SMS PROBLEM:  Long time to www.google.com 13:28 07-12-2013

start 4: ============================= 13:28 07-12-2013
PINGING (X10) ========= 13:28 07-12-2013
localhost....... 13:28 07-12-2013
*********(0.028)***********************(220)******** 13:28 07-12-2013
good time (0.028) 13:28 07-12-2013
192.168.1.21....... 13:28 07-12-2013
*********(2.366)***********************(220)******** 13:28 07-12-2013
good time (2.366) 13:28 07-12-2013
www.google.com....... 13:28 07-12-2013
*********(227.157)***********************(220)******** 13:28 07-12-2013
long time (227.157) 13:28 07-12-2013
www.google.com: long_time_count = 4 13:28 07-12-2013

start 5: ============================= 13:28 07-12-2013
PINGING (X10) ========= 13:28 07-12-2013
localhost....... 13:28 07-12-2013
*********(0.025)***********************(220)******** 13:28 07-12-2013
good time (0.025) 13:28 07-12-2013
192.168.1.21....... 13:28 07-12-2013
*********(2.391)***********************(220)******** 13:28 07-12-2013
good time (2.391) 13:28 07-12-2013
www.google.com....... 13:28 07-12-2013
*********(337.054)***********************(220)******** 13:28 07-12-2013
long time (337.054) 13:28 07-12-2013
www.google.com: long_time_count = 5 13:28 07-12-2013

start 6: ============================= 13:28 07-12-2013
PINGING (X10) ========= 13:28 07-12-2013
localhost....... 13:28 07-12-2013
*********(0.027)***********************(220)******** 13:28 07-12-2013
good time (0.027) 13:28 07-12-2013
192.168.1.21....... 13:28 07-12-2013
*********(2.466)***********************(220)******** 13:28 07-12-2013
good time (2.466) 13:28 07-12-2013
www.google.com....... 13:28 07-12-2013
*********(228.706)***********************(220)******** 13:28 07-12-2013
long time (228.706) 13:28 07-12-2013
www.google.com: long_time_count = 6 13:28 07-12-2013

start 7: ============================= 13:28 07-12-2013
PINGING (X10) ========= 13:28 07-12-2013
localhost....... 13:28 07-12-2013
*********(0.026)***********************(220)******** 13:28 07-12-2013
good time (0.026) 13:28 07-12-2013
192.168.1.21....... 13:28 07-12-2013
*********(2.494)***********************(220)******** 13:28 07-12-2013
good time (2.494) 13:28 07-12-2013
www.google.com....... 13:28 07-12-2013
*********(217.530)***********************(220)******** 13:28 07-12-2013
good time (217.530) 13:28 07-12-2013
SMS FIXED: www.google.com  :) 13:28 07-12-2013

start 8: ============================= 13:28 07-12-2013
PINGING (X10) ========= 13:28 07-12-2013
localhost....... 13:28 07-12-2013
*********(0.027)***********************(220)******** 13:28 07-12-2013
good time (0.027) 13:28 07-12-2013
192.168.1.21....... 13:28 07-12-2013
*********(11.385)***********************(220)******** 13:28 07-12-2013
good time (11.385) 13:28 07-12-2013
www.google.com....... 13:28 07-12-2013
*********(239.750)***********************(220)******** 13:28 07-12-2013
long time (239.750) 13:28 07-12-2013
www.google.com: long_time_count = 1 13:28 07-12-2013

start 9: ============================= 13:28 07-12-2013
PINGING (X10) ========= 13:28 07-12-2013
localhost....... 13:28 07-12-2013
*********(0.028)***********************(220)******** 13:28 07-12-2013
good time (0.028) 13:28 07-12-2013
192.168.1.21....... 13:28 07-12-2013
*********(2.613)***********************(220)******** 13:28 07-12-2013
good time (2.613) 13:28 07-12-2013
www.google.com....... 13:28 07-12-2013
*********(224.572)***********************(220)******** 13:28 07-12-2013
long time (224.572) 13:28 07-12-2013
www.google.com: long_time_count = 2 13:28 07-12-2013

start 10: ============================= 13:28 07-12-2013
PINGING (X10) ========= 13:28 07-12-2013
localhost....... 13:28 07-12-2013
*********(0.026)***********************(220)******** 13:28 07-12-2013
good time (0.026) 13:28 07-12-2013
192.168.1.21....... 13:28 07-12-2013
*********(2.635)***********************(220)******** 13:28 07-12-2013
good time (2.635) 13:28 07-12-2013
www.google.com....... 13:28 07-12-2013
*********(227.000)***********************(220)******** 13:28 07-12-2013
long time (227.000) 13:28 07-12-2013
www.google.com: long_time_count = 3 13:28 07-12-2013
SMS PROBLEM:  Long time to www.google.com 13:28 07-12-2013

start 11: ============================= 13:28 07-12-2013
PINGING (X10) ========= 13:28 07-12-2013
localhost....... 13:28 07-12-2013
*********(0.028)***********************(220)******** 13:28 07-12-2013
good time (0.028) 13:28 07-12-2013
192.168.1.21....... 13:28 07-12-2013
*********(2.397)***********************(220)******** 13:28 07-12-2013
good time (2.397) 13:28 07-12-2013
www.google.com....... 13:28 07-12-2013
start 1: ============================= 13:41 07-12-2013
PINGING (X10) ========= 13:41 07-12-2013
localhost....... 13:41 07-12-2013
start 1: ============================= 13:43 07-12-2013
PINGING (X10) ========= 13:43 07-12-2013
localhost....... 13:43 07-12-2013
