start 1: =============================
PINGING (X10) =========
localhost.......
good time (0.027)
www.google.com.......
long time (76.911)
www.google.com: long_time_count = 1
192.168.1.66.......
start 1: =============================
PINGING (X10) =========
localhost.......
good time (0.026)
www.google.com.......
long time (78.763)
www.google.com: long_time_count = 1
192.168.1.66.......
no connection
192.168.1.66: no_connection_count = 1
start 1: =============================
PINGING (X10) =========
localhost.......
good time (0.032)
www.google.com.......
long time (77.594)
www.google.com: long_time_count = 1
192.168.1.66.......
no connection
192.168.1.66: no_connection_count = 1
